SF:lib/core/error/exceptions.dart
DA:6,2
LF:1
LH:1
end_of_record
SF:lib/core/util/helpers.dart
DA:4,0
DA:6,0
LF:2
LH:0
end_of_record
SF:lib/data.layer/data.sources/remote/api.provider_impl.dart
DA:10,1
DA:12,1
DA:14,1
DA:15,1
DA:21,1
DA:22,2
DA:23,2
DA:24,2
DA:26,0
DA:28,1
DA:30,2
LF:11
LH:10
end_of_record
SF:lib/data.layer/dto/recipe.dto.dart
DA:5,2
DA:16,1
DA:17,2
DA:19,3
DA:25,2
DA:26,1
DA:27,1
DA:28,3
DA:29,1
DA:30,1
DA:33,2
DA:34,1
DA:35,1
DA:36,1
DA:37,1
DA:38,1
DA:45,1
DA:46,1
DA:47,1
DA:48,3
DA:49,2
DA:50,0
DA:51,0
DA:54,1
DA:55,0
DA:56,0
DA:63,3
LF:27
LH:23
end_of_record
SF:lib/data.layer/data.sources/api.provider.dart
DA:4,0
DA:5,0
LF:2
LH:0
end_of_record
SF:lib/domain.layer/entities/recipe.dart
DA:10,5
DA:18,2
DA:19,2
DA:20,2
DA:21,2
DA:22,2
DA:23,2
DA:24,2
LF:8
LH:8
end_of_record
SF:lib/core/error/failures.dart
DA:6,1
DA:7,1
DA:12,4
DA:16,4
DA:20,0
DA:24,0
DA:28,0
LF:7
LH:4
end_of_record
SF:lib/core/network/network_info.dart
DA:20,1
DA:22,0
DA:24,1
DA:25,1
DA:27,1
DA:28,1
DA:30,2
DA:31,0
DA:32,0
DA:39,0
DA:40,0
DA:41,0
DA:42,0
DA:43,0
DA:47,0
DA:52,0
DA:54,0
DA:55,0
DA:56,0
DA:58,0
LF:20
LH:6
end_of_record
SF:lib/data.layer/repositories/remote/api.repository_impl.dart
DA:19,1
DA:21,1
DA:23,3
DA:24,2
DA:27,2
DA:28,1
DA:29,1
DA:31,2
DA:34,0
DA:38,1
DA:39,1
DA:40,0
DA:41,1
DA:42,1
DA:43,0
DA:44,0
DA:45,0
DA:46,0
DA:48,0
LF:19
LH:12
end_of_record
SF:lib/domain.layer/repositories/api.repository.dart
DA:8,0
DA:9,0
LF:2
LH:0
end_of_record
SF:lib/presentation.layer/bloc/home/home_state.dart
DA:6,1
DA:7,1
DA:11,1
DA:12,1
DA:17,2
DA:19,0
DA:20,0
DA:25,2
DA:27,1
DA:28,2
DA:33,2
DA:35,1
DA:36,2
LF:13
LH:11
end_of_record
SF:lib/presentation.layer/bloc/home/home_bloc.dart
DA:16,6
DA:17,4
DA:20,2
DA:22,2
DA:23,4
DA:24,4
DA:26,3
DA:27,1
DA:28,3
DA:29,2
DA:30,2
DA:31,2
DA:32,4
DA:33,4
DA:35,0
DA:36,0
LF:16
LH:14
end_of_record
SF:lib/presentation.layer/bloc/home/home_event.dart
DA:4,2
DA:8,0
DA:9,0
LF:3
LH:1
end_of_record
SF:lib/presentation.layer/ui.util/error.message.dart
DA:12,1
DA:14,1
DA:16,1
DA:18,1
DA:20,0
DA:24,1
DA:25,1
DA:26,1
DA:28,1
DA:30,0
LF:10
LH:8
end_of_record
SF:lib/presentation.layer/pages/home.dart
DA:9,1
DA:11,1
DA:12,1
DA:18,1
DA:22,1
DA:25,1
DA:27,1
DA:28,1
DA:38,1
DA:39,1
DA:40,1
DA:42,1
DA:43,2
DA:44,1
DA:45,2
DA:50,0
DA:51,0
DA:52,0
DA:62,3
DA:66,1
DA:68,1
DA:70,2
DA:76,2
DA:80,1
DA:91,1
DA:95,1
DA:97,1
DA:99,1
DA:101,2
DA:109,1
DA:113,1
DA:115,1
DA:117,1
DA:123,1
DA:124,1
DA:125,2
DA:132,1
DA:133,2
DA:134,1
DA:135,1
DA:136,1
DA:137,1
DA:138,1
LF:43
LH:40
end_of_record
SF:lib/presentation.layer/ui.util/ui.helpers.dart
DA:4,0
DA:5,0
DA:6,0
LF:3
LH:0
end_of_record
SF:lib/presentation.layer/widgets/recipe_card.dart
DA:12,1
DA:20,1
DA:22,1
DA:23,1
DA:24,0
DA:25,0
DA:26,1
DA:32,0
DA:34,0
DA:35,0
DA:37,0
DA:38,0
DA:39,0
DA:40,0
DA:44,0
DA:45,0
DA:46,0
DA:49,0
DA:53,0
DA:57,0
DA:58,0
DA:59,0
DA:60,0
DA:62,0
DA:64,0
DA:65,0
DA:66,0
DA:77,0
DA:79,0
DA:82,0
DA:84,0
DA:85,0
DA:87,0
DA:89,0
DA:91,0
LF:35
LH:5
end_of_record
SF:lib/presentation.layer/widgets/image.text_card.dart
DA:7,0
DA:13,0
DA:15,0
DA:16,0
DA:17,0
DA:18,0
DA:24,0
DA:25,0
LF:8
LH:0
end_of_record
